2018-12-20 15:48:09 [INFO] ----------开始执行用例getApiTest...----------
2018-12-20 15:48:09 [INFO] 导入请求头
2018-12-20 15:48:10 [INFO] 开始发送post请求...
2018-12-20 15:48:11 [INFO] 发送请求成功！开始得到响应对象。
2018-12-20 15:48:11 [INFO] 测试响应状态码是否是201
2018-12-20 15:48:11 [INFO] 执行JSON解析，解析的内容是 Anthony
2018-12-20 15:48:11 [INFO] 执行JSON解析，解析的内容是 tester
2018-12-20 15:48:11 [INFO] 接口内容响应断言
2018-12-20 15:48:11 [INFO] ----------用例执行结束...----------
2018-12-20 15:48:11 [INFO] ----------开始执行用例getApiTest...----------
2018-12-20 15:48:11 [INFO] 开始发送get请求...
2018-12-20 15:48:11 [INFO] 发送请求成功！开始得到响应对象。
2018-12-20 15:48:11 [INFO] 测试响应状态码是否是200
2018-12-20 15:48:11 [INFO] 执行JSON解析，解析的内容是 Eve
2018-12-20 15:48:11 [INFO] 接口内容响应断言
2018-12-20 15:48:11 [INFO] ----------用例执行结束...----------
2018-12-20 15:48:11 [INFO] ----------开始执行用例getApiTest02...----------
2018-12-20 15:48:11 [INFO] 导入请求头
2018-12-20 15:48:11 [INFO] 开始发送get请求...
2018-12-20 15:48:12 [INFO] 发送请求成功！开始得到响应对象。
2018-12-20 15:48:12 [INFO] 测试响应状态码是否是200
2018-12-20 15:48:12 [INFO] 执行JSON解析，解析的内容是 Eve
2018-12-20 15:48:12 [INFO] 接口内容响应断言
2018-12-20 15:48:12 [INFO] ----------用例执行结束...----------
2018-12-20 15:48:12 [INFO] ----------开始执行用例putApiTest...----------
2018-12-20 15:48:12 [INFO] 导入请求头
2018-12-20 15:48:12 [INFO] 开始发送put请求...
2018-12-20 15:48:12 [INFO] 发送请求成功！开始得到响应对象。
2018-12-20 15:48:12 [INFO] 测试响应状态码是否是200
2018-12-20 15:48:12 [INFO] 执行JSON解析，解析的内容是 automation tester
2018-12-20 15:48:12 [INFO] 接口内容响应断言
2018-12-20 15:48:12 [INFO] ----------用例执行结束...----------
2018-12-20 15:48:12 [INFO] ----------开始执行用例deleteApiTest...----------
2018-12-20 15:48:12 [INFO] 开始发送delete请求...
2018-12-20 15:48:13 [INFO] 发送请求成功！开始得到响应对象。
2018-12-20 15:48:13 [INFO] 测试响应状态码是否是204
2018-12-20 15:48:13 [INFO] ----------用例执行结束...----------
2018-12-20 15:48:13 [INFO] ----------开始执行用例testCase1...----------
2018-12-20 15:48:13 [INFO] 开始发送post请求...
2018-12-20 15:48:14 [INFO] 发送请求成功！开始得到响应对象。
2018-12-20 15:48:14 [INFO] 测试响应状态码是否是200
2018-12-20 15:48:14 [INFO] 接口内容响应断言
2018-12-20 15:48:14 [INFO] token = QpwL5tke4Pnpja7X
2018-12-20 15:48:14 [INFO] ----------用例执行结束...----------
